Watching for file changes with StatReloader
[27/Dec/2025 01:10:15] "GET / HTTP/1.1" 200 65839
[27/Dec/2025 01:10:15] "GET /static/branding/vismatrixicon.png HTTP/1.1" 200 1534214
[27/Dec/2025 01:10:15] "GET /api/mini-chat/friends/ HTTP/1.1" 200 221
Not Found: /api/auth/login/
[27/Dec/2025 01:10:26] "OPTIONS /api/auth/login/ HTTP/1.1" 404 16761
Not Found: /api/auth/login/
[27/Dec/2025 01:10:30] "OPTIONS /api/auth/login/ HTTP/1.1" 404 16761
Not Found: /api/auth/login/
[27/Dec/2025 01:11:02] "OPTIONS /api/auth/login/ HTTP/1.1" 404 16761
[27/Dec/2025 01:11:13] "GET / HTTP/1.1" 200 65839
[27/Dec/2025 01:11:13] "GET /api/mini-chat/friends/ HTTP/1.1" 200 221
[27/Dec/2025 01:11:17] "GET /analytics/ HTTP/1.1" 200 66056
[27/Dec/2025 01:11:18] "GET /api/mini-chat/friends/ HTTP/1.1" 200 221
[27/Dec/2025 01:11:21] "GET /plans/ HTTP/1.1" 200 35200
[27/Dec/2025 01:11:21] "GET /api/mini-chat/friends/ HTTP/1.1" 200 221
[27/Dec/2025 01:11:22] "GET /tasks/ HTTP/1.1" 200 105979
[27/Dec/2025 01:11:22] "GET /api/mini-chat/friends/ HTTP/1.1" 200 221
[27/Dec/2025 01:11:25] "GET /logs/ HTTP/1.1" 200 51187
[27/Dec/2025 01:11:25] "GET /api/mini-chat/friends/ HTTP/1.1" 200 221
[27/Dec/2025 01:11:26] "GET /friends/ HTTP/1.1" 200 53557
[27/Dec/2025 01:11:27] "GET /api/mini-chat/friends/ HTTP/1.1" 200 221
[27/Dec/2025 01:11:30] "GET /dashboard/ HTTP/1.1" 200 65839
[27/Dec/2025 01:11:30] "GET /api/mini-chat/friends/ HTTP/1.1" 200 221
[27/Dec/2025 01:11:33] "GET /notifications/ HTTP/1.1" 200 40529
[27/Dec/2025 01:11:33] "GET /api/mini-chat/friends/ HTTP/1.1" 200 221
[27/Dec/2025 01:11:35] "GET /dashboard/ HTTP/1.1" 200 65839
[27/Dec/2025 01:11:35] "GET /api/mini-chat/friends/ HTTP/1.1" 200 221
[27/Dec/2025 01:11:42] "GET /api/mini-chat/friends/ HTTP/1.1" 200 221
[27/Dec/2025 01:11:49] "GET /api/mini-chat/friends/ HTTP/1.1" 200 221
[27/Dec/2025 01:11:54] "GET /analytics/ HTTP/1.1" 200 66056
[27/Dec/2025 01:11:54] "GET /api/mini-chat/friends/ HTTP/1.1" 200 221
[27/Dec/2025 01:11:58] "GET /plans/ HTTP/1.1" 200 35200
[27/Dec/2025 01:11:58] "GET /api/mini-chat/friends/ HTTP/1.1" 200 221
[27/Dec/2025 01:11:59] "GET /tasks/ HTTP/1.1" 200 105979
[27/Dec/2025 01:11:59] "GET /api/mini-chat/friends/ HTTP/1.1" 200 221
[27/Dec/2025 01:12:00] "GET /logs/ HTTP/1.1" 200 51187
[27/Dec/2025 01:12:00] "GET /api/mini-chat/friends/ HTTP/1.1" 200 221
[27/Dec/2025 01:12:01] "GET /friends/ HTTP/1.1" 200 53557
[27/Dec/2025 01:12:01] "GET /api/mini-chat/friends/ HTTP/1.1" 200 221
[27/Dec/2025 01:12:02] "GET /about/ HTTP/1.1" 200 35231
[27/Dec/2025 01:12:02] "GET /api/mini-chat/friends/ HTTP/1.1" 200 221
[27/Dec/2025 01:12:03] "GET /dashboard/ HTTP/1.1" 200 65839
[27/Dec/2025 01:12:03] "GET /api/mini-chat/friends/ HTTP/1.1" 200 221
[27/Dec/2025 01:12:10] "GET /api/mini-chat/friends/ HTTP/1.1" 200 221
[27/Dec/2025 01:12:13] "GET /friends/ HTTP/1.1" 200 53557
[27/Dec/2025 01:12:13] "GET /api/mini-chat/friends/ HTTP/1.1" 200 221
[27/Dec/2025 01:12:17] "GET /friends/3/profile/ HTTP/1.1" 200 53123
[27/Dec/2025 01:12:17] "GET /api/mini-chat/friends/ HTTP/1.1" 200 221
[27/Dec/2025 01:12:22] "GET /plans/ HTTP/1.1" 200 35200
[27/Dec/2025 01:12:22] "GET /api/mini-chat/friends/ HTTP/1.1" 200 221
[27/Dec/2025 01:12:25] "GET /accounts/logout/ HTTP/1.1" 200 4867
[27/Dec/2025 01:12:26] "POST /accounts/logout/ HTTP/1.1" 302 0
[27/Dec/2025 01:12:26] "GET /accounts/login/ HTTP/1.1" 200 17378
[27/Dec/2025 01:12:28] "GET /accounts/google/login/ HTTP/1.1" 302 0
[27/Dec/2025 01:12:30] "GET /accounts/google/login/callback/?state=U40kShGRdxyORiFL&code=4%2F0ATX87lPaaQFXracfqv1f90cwmeMz9nLRL8vnY6194tcEbioLxYX411Yr765nBfpG6IwnXg&scope=email+profile+https%3A%2F%2Fwww.googleapis.com%2Fauth%2Fuserinfo.profile+openid+https%3A%2F%2Fwww.googleapis.com%2Fauth%2Fuserinfo.email&authuser=1&prompt=none HTTP/1.1" 302 0
[27/Dec/2025 01:12:30] "GET / HTTP/1.1" 200 61658
[27/Dec/2025 01:12:31] "GET /api/mini-chat/friends/ HTTP/1.1" 200 155
[27/Dec/2025 01:12:32] "GET /plans/ HTTP/1.1" 200 45334
[27/Dec/2025 01:12:33] "GET /api/mini-chat/friends/ HTTP/1.1" 200 155
[27/Dec/2025 01:12:35] "GET /friends/ HTTP/1.1" 200 49637
[27/Dec/2025 01:12:35] "GET /api/mini-chat/friends/ HTTP/1.1" 200 155
[27/Dec/2025 01:12:37] "GET /users/ HTTP/1.1" 200 43348
[27/Dec/2025 01:12:37] "GET /api/mini-chat/friends/ HTTP/1.1" 200 155
[27/Dec/2025 01:12:39] "POST /users/3/send_request/ HTTP/1.1" 201 66
[27/Dec/2025 01:12:40] "GET /friends/ HTTP/1.1" 200 53588
[27/Dec/2025 01:12:40] "GET /api/mini-chat/friends/ HTTP/1.1" 200 221
[27/Dec/2025 01:12:42] "GET /friends/32/profile/ HTTP/1.1" 200 53240
[27/Dec/2025 01:12:42] "GET /api/mini-chat/friends/ HTTP/1.1" 200 221
[27/Dec/2025 01:12:49] "GET /api/mini-chat/friends/ HTTP/1.1" 200 221
[27/Dec/2025 01:12:56] "GET /api/mini-chat/friends/ HTTP/1.1" 200 221
[27/Dec/2025 01:13:03] "GET /api/mini-chat/friends/ HTTP/1.1" 200 221
[27/Dec/2025 01:13:10] "GET /api/mini-chat/friends/ HTTP/1.1" 200 221
[27/Dec/2025 01:13:17] "GET /api/mini-chat/friends/ HTTP/1.1" 200 221
[27/Dec/2025 01:13:24] "GET /api/mini-chat/friends/ HTTP/1.1" 200 221
[27/Dec/2025 01:13:31] "GET /api/mini-chat/friends/ HTTP/1.1" 200 221
[27/Dec/2025 01:13:38] "GET /api/mini-chat/friends/ HTTP/1.1" 200 221
[27/Dec/2025 01:13:45] "GET /api/mini-chat/friends/ HTTP/1.1" 200 221
[27/Dec/2025 01:13:52] "GET /api/mini-chat/friends/ HTTP/1.1" 200 221
[27/Dec/2025 01:13:59] "GET /api/mini-chat/friends/ HTTP/1.1" 200 221
[27/Dec/2025 01:14:06] "GET /api/mini-chat/friends/ HTTP/1.1" 200 221
[27/Dec/2025 01:14:13] "GET /api/mini-chat/friends/ HTTP/1.1" 200 221
/Users/vishwashbatra/data/code/djangoapps/vismatrixv2/vismatrix/progress_tracker/tracker/views.py changed, reloading.
Performing system checks...

System check identified no issues (0 silenced).
December 27, 2025 - 01:10:10
Django version 6.0, using settings 'progress_tracker.settings'
Starting development server at http://127.0.0.1:8000/
Quit the server with CONTROL-C.

WARNING: This is a development server. Do not use it in a production setting. Use a production WSGI or ASGI server instead.
For more information on production servers see: https://docs.djangoproject.com/en/6.0/howto/deployment/
Watching for file changes with StatReloader
[27/Dec/2025 01:14:20] "GET /api/mini-chat/friends/ HTTP/1.1" 200 221
[27/Dec/2025 01:14:27] "GET /api/mini-chat/friends/ HTTP/1.1" 200 221
[27/Dec/2025 01:14:34] "GET /api/mini-chat/friends/ HTTP/1.1" 200 221
[27/Dec/2025 01:14:41] "GET /api/mini-chat/friends/ HTTP/1.1" 200 221
[27/Dec/2025 01:14:48] "GET /api/mini-chat/friends/ HTTP/1.1" 200 221
[27/Dec/2025 01:14:55] "GET /api/mini-chat/friends/ HTTP/1.1" 200 221
[27/Dec/2025 01:15:02] "GET /api/mini-chat/friends/ HTTP/1.1" 200 221
[27/Dec/2025 01:15:09] "GET /api/mini-chat/friends/ HTTP/1.1" 200 221
[27/Dec/2025 01:15:16] "GET /api/mini-chat/friends/ HTTP/1.1" 200 221
/Users/vishwashbatra/data/code/djangoapps/vismatrixv2/vismatrix/progress_tracker/tracker/views.py changed, reloading.
Performing system checks...

System check identified no issues (0 silenced).
December 27, 2025 - 01:14:17
Django version 6.0, using settings 'progress_tracker.settings'
Starting development server at http://127.0.0.1:8000/
Quit the server with CONTROL-C.

WARNING: This is a development server. Do not use it in a production setting. Use a production WSGI or ASGI server instead.
For more information on production servers see: https://docs.djangoproject.com/en/6.0/howto/deployment/
Watching for file changes with StatReloader
[27/Dec/2025 01:15:23] "GET /api/mini-chat/friends/ HTTP/1.1" 200 221
[27/Dec/2025 01:15:30] "GET /api/mini-chat/friends/ HTTP/1.1" 200 221
[27/Dec/2025 01:15:35] "GET /dashboard/ HTTP/1.1" 200 71047
[27/Dec/2025 01:15:35] "GET /api/mini-chat/friends/ HTTP/1.1" 200 221
[27/Dec/2025 01:15:36] "GET /friends/ HTTP/1.1" 200 53588
[27/Dec/2025 01:15:37] "GET /api/mini-chat/friends/ HTTP/1.1" 200 221
[27/Dec/2025 01:15:39] "GET /friends/32/profile/ HTTP/1.1" 200 57314
[27/Dec/2025 01:15:39] "GET /api/mini-chat/friends/ HTTP/1.1" 200 221
[27/Dec/2025 01:15:46] "GET /api/mini-chat/friends/ HTTP/1.1" 200 221
[27/Dec/2025 01:15:53] "GET /api/mini-chat/friends/ HTTP/1.1" 200 221
[27/Dec/2025 01:16:00] "GET /api/mini-chat/friends/ HTTP/1.1" 200 221
[27/Dec/2025 01:16:07] "GET /api/mini-chat/friends/ HTTP/1.1" 200 221
[27/Dec/2025 01:16:14] "GET /api/mini-chat/friends/ HTTP/1.1" 200 221
[27/Dec/2025 01:16:21] "GET /api/mini-chat/friends/ HTTP/1.1" 200 221
[27/Dec/2025 01:16:28] "GET /api/mini-chat/friends/ HTTP/1.1" 200 221
[27/Dec/2025 01:16:30] "GET /analytics/ HTTP/1.1" 200 70341
[27/Dec/2025 01:16:30] "GET /api/mini-chat/friends/ HTTP/1.1" 200 221
[27/Dec/2025 01:16:37] "GET /api/mini-chat/friends/ HTTP/1.1" 200 221
[27/Dec/2025 01:16:40] "GET /dashboard/ HTTP/1.1" 200 71047
[27/Dec/2025 01:16:40] "GET /api/mini-chat/friends/ HTTP/1.1" 200 221
[27/Dec/2025 01:16:43] "GET /api/mini-chat/1/messages/ HTTP/1.1" 200 459
[27/Dec/2025 01:16:43] "GET /api/mini-chat/friends/ HTTP/1.1" 200 221
[27/Dec/2025 01:16:44] "GET /api/mini-chat/5/messages/ HTTP/1.1" 200 149
[27/Dec/2025 01:16:44] "GET /api/mini-chat/friends/ HTTP/1.1" 200 221
[27/Dec/2025 01:16:44] "GET /api/mini-chat/2/messages/ HTTP/1.1" 200 344
[27/Dec/2025 01:16:44] "GET /api/mini-chat/friends/ HTTP/1.1" 200 221
[27/Dec/2025 01:16:46] "GET /analytics/ HTTP/1.1" 200 70341
[27/Dec/2025 01:16:47] "GET /api/mini-chat/friends/ HTTP/1.1" 200 221
[27/Dec/2025 01:16:54] "GET /api/mini-chat/friends/ HTTP/1.1" 200 221
[27/Dec/2025 01:17:01] "GET /api/mini-chat/friends/ HTTP/1.1" 200 221
[27/Dec/2025 01:17:08] "GET /api/mini-chat/friends/ HTTP/1.1" 200 221
[27/Dec/2025 01:17:15] "GET /api/mini-chat/friends/ HTTP/1.1" 200 221
[27/Dec/2025 01:17:22] "GET /api/mini-chat/friends/ HTTP/1.1" 200 221
[27/Dec/2025 01:17:29] "GET /api/mini-chat/friends/ HTTP/1.1" 200 221
[27/Dec/2025 01:17:36] "GET /api/mini-chat/friends/ HTTP/1.1" 200 221
[27/Dec/2025 01:17:43] "GET /api/mini-chat/friends/ HTTP/1.1" 200 221
[27/Dec/2025 01:17:50] "GET /api/mini-chat/friends/ HTTP/1.1" 200 221
[27/Dec/2025 01:17:57] "GET /api/mini-chat/friends/ HTTP/1.1" 200 221
/Users/vishwashbatra/data/code/djangoapps/vismatrixv2/vismatrix/progress_tracker/tracker/models.py changed, reloading.
Performing system checks...

System check identified no issues (0 silenced).
December 27, 2025 - 01:15:22
Django version 6.0, using settings 'progress_tracker.settings'
Starting development server at http://127.0.0.1:8000/
Quit the server with CONTROL-C.

WARNING: This is a development server. Do not use it in a production setting. Use a production WSGI or ASGI server instead.
For more information on production servers see: https://docs.djangoproject.com/en/6.0/howto/deployment/
Watching for file changes with StatReloader
[27/Dec/2025 01:18:04] "GET /api/mini-chat/friends/ HTTP/1.1" 200 221
[27/Dec/2025 01:18:11] "GET /api/mini-chat/friends/ HTTP/1.1" 200 221
/Users/vishwashbatra/data/code/djangoapps/vismatrixv2/vismatrix/progress_tracker/tracker/views.py changed, reloading.
Performing system checks...

System check identified no issues (0 silenced).
December 27, 2025 - 01:18:00
Django version 6.0, using settings 'progress_tracker.settings'
Starting development server at http://127.0.0.1:8000/
Quit the server with CONTROL-C.

WARNING: This is a development server. Do not use it in a production setting. Use a production WSGI or ASGI server instead.
For more information on production servers see: https://docs.djangoproject.com/en/6.0/howto/deployment/
Watching for file changes with StatReloader
[27/Dec/2025 01:18:25] "GET /api/mini-chat/friends/ HTTP/1.1" 200 221
/Users/vishwashbatra/data/code/djangoapps/vismatrixv2/vismatrix/progress_tracker/tracker/views.py changed, reloading.
Performing system checks...

System check identified no issues (0 silenced).
December 27, 2025 - 01:18:19
Django version 6.0, using settings 'progress_tracker.settings'
Starting development server at http://127.0.0.1:8000/
Quit the server with CONTROL-C.

WARNING: This is a development server. Do not use it in a production setting. Use a production WSGI or ASGI server instead.
For more information on production servers see: https://docs.djangoproject.com/en/6.0/howto/deployment/
Watching for file changes with StatReloader
[27/Dec/2025 01:18:32] "GET /api/mini-chat/friends/ HTTP/1.1" 200 221
/Users/vishwashbatra/data/code/djangoapps/vismatrixv2/vismatrix/progress_tracker/tracker/views.py changed, reloading.
Performing system checks...

System check identified no issues (0 silenced).
December 27, 2025 - 01:18:28
Django version 6.0, using settings 'progress_tracker.settings'
Starting development server at http://127.0.0.1:8000/
Quit the server with CONTROL-C.

WARNING: This is a development server. Do not use it in a production setting. Use a production WSGI or ASGI server instead.
For more information on production servers see: https://docs.djangoproject.com/en/6.0/howto/deployment/
Watching for file changes with StatReloader
Exception in thread django-main-thread:
Traceback (most recent call last):
  File "/opt/anaconda3/lib/python3.12/threading.py", line 1075, in _bootstrap_inner
    self.run()
  File "/opt/anaconda3/lib/python3.12/threading.py", line 1012, in run
    self._target(*self._args, **self._kwargs)
  File "/opt/anaconda3/lib/python3.12/site-packages/django/utils/autoreload.py", line 64, in wrapper
    fn(*args, **kwargs)
  File "/opt/anaconda3/lib/python3.12/site-packages/django/core/management/commands/runserver.py", line 134, in inner_run
    self.check(**check_kwargs)
  File "/opt/anaconda3/lib/python3.12/site-packages/django/core/management/base.py", line 492, in check
    all_issues = checks.run_checks(
                 ^^^^^^^^^^^^^^^^^^
  File "/opt/anaconda3/lib/python3.12/site-packages/django/core/checks/registry.py", line 89, in run_checks
    new_errors = check(app_configs=app_configs, databases=databases)
                 ^^^^^^^^^^^^^^^^^^^^^^^^^^^^^^^^^^^^^^^^^^^^^^^^^^^
  File "/opt/anaconda3/lib/python3.12/site-packages/django/core/checks/urls.py", line 44, in check_url_namespaces_unique
    all_namespaces = _load_all_namespaces(resolver)
                     ^^^^^^^^^^^^^^^^^^^^^^^^^^^^^^
  File "/opt/anaconda3/lib/python3.12/site-packages/django/core/checks/urls.py", line 63, in _load_all_namespaces
    url_patterns = getattr(resolver, "url_patterns", [])
                   ^^^^^^^^^^^^^^^^^^^^^^^^^^^^^^^^^^^^^
  File "/opt/anaconda3/lib/python3.12/site-packages/django/utils/functional.py", line 47, in __get__
    res = instance.__dict__[self.name] = self.func(instance)
                                         ^^^^^^^^^^^^^^^^^^^
  File "/opt/anaconda3/lib/python3.12/site-packages/django/urls/resolvers.py", line 729, in url_patterns
    patterns = getattr(self.urlconf_module, "urlpatterns", self.urlconf_module)
                       ^^^^^^^^^^^^^^^^^^^
  File "/opt/anaconda3/lib/python3.12/site-packages/django/utils/functional.py", line 47, in __get__
    res = instance.__dict__[self.name] = self.func(instance)
                                         ^^^^^^^^^^^^^^^^^^^
  File "/opt/anaconda3/lib/python3.12/site-packages/django/urls/resolvers.py", line 722, in urlconf_module
    return import_module(self.urlconf_name)
           ^^^^^^^^^^^^^^^^^^^^^^^^^^^^^^^^
  File "/opt/anaconda3/lib/python3.12/importlib/__init__.py", line 90, in import_module
    return _bootstrap._gcd_import(name[level:], package, level)
           ^^^^^^^^^^^^^^^^^^^^^^^^^^^^^^^^^^^^^^^^^^^^^^^^^^^^
  File "<frozen importlib._bootstrap>", line 1387, in _gcd_import
  File "<frozen importlib._bootstrap>", line 1360, in _find_and_load
  File "<frozen importlib._bootstrap>", line 1331, in _find_and_load_unlocked
  File "<frozen importlib._bootstrap>", line 935, in _load_unlocked
  File "<frozen importlib._bootstrap_external>", line 995, in exec_module
  File "<frozen importlib._bootstrap>", line 488, in _call_with_frames_removed
  File "/Users/vishwashbatra/data/code/djangoapps/vismatrixv2/vismatrix/progress_tracker/progress_tracker/urls.py", line 24, in <module>
    path('', include('tracker.urls')),
             ^^^^^^^^^^^^^^^^^^^^^^^
  File "/opt/anaconda3/lib/python3.12/site-packages/django/urls/conf.py", line 39, in include
    urlconf_module = import_module(urlconf_module)
                     ^^^^^^^^^^^^^^^^^^^^^^^^^^^^^
  File "/opt/anaconda3/lib/python3.12/importlib/__init__.py", line 90, in import_module
    return _bootstrap._gcd_import(name[level:], package, level)
           ^^^^^^^^^^^^^^^^^^^^^^^^^^^^^^^^^^^^^^^^^^^^^^^^^^^^
  File "<frozen importlib._bootstrap>", line 1387, in _gcd_import
  File "<frozen importlib._bootstrap>", line 1360, in _find_and_load
  File "<frozen importlib._bootstrap>", line 1331, in _find_and_load_unlocked
  File "<frozen importlib._bootstrap>", line 935, in _load_unlocked
  File "<frozen importlib._bootstrap_external>", line 995, in exec_module
  File "<frozen importlib._bootstrap>", line 488, in _call_with_frames_removed
  File "/Users/vishwashbatra/data/code/djangoapps/vismatrixv2/vismatrix/progress_tracker/tracker/urls.py", line 2, in <module>
    from . import views
  File "/Users/vishwashbatra/data/code/djangoapps/vismatrixv2/vismatrix/progress_tracker/tracker/views.py", line 759
    if default_task:
SyntaxError: expected 'except' or 'finally' block
/Users/vishwashbatra/data/code/djangoapps/vismatrixv2/vismatrix/progress_tracker/tracker/views.py changed, reloading.
Performing system checks...

Watching for file changes with StatReloader
Exception in thread django-main-thread:
Traceback (most recent call last):
  File "/opt/anaconda3/lib/python3.12/threading.py", line 1075, in _bootstrap_inner
    self.run()
  File "/opt/anaconda3/lib/python3.12/threading.py", line 1012, in run
    self._target(*self._args, **self._kwargs)
  File "/opt/anaconda3/lib/python3.12/site-packages/django/utils/autoreload.py", line 64, in wrapper
    fn(*args, **kwargs)
  File "/opt/anaconda3/lib/python3.12/site-packages/django/core/management/commands/runserver.py", line 134, in inner_run
    self.check(**check_kwargs)
  File "/opt/anaconda3/lib/python3.12/site-packages/django/core/management/base.py", line 492, in check
    all_issues = checks.run_checks(
                 ^^^^^^^^^^^^^^^^^^
  File "/opt/anaconda3/lib/python3.12/site-packages/django/core/checks/registry.py", line 89, in run_checks
    new_errors = check(app_configs=app_configs, databases=databases)
                 ^^^^^^^^^^^^^^^^^^^^^^^^^^^^^^^^^^^^^^^^^^^^^^^^^^^
  File "/opt/anaconda3/lib/python3.12/site-packages/django/core/checks/urls.py", line 44, in check_url_namespaces_unique
    all_namespaces = _load_all_namespaces(resolver)
                     ^^^^^^^^^^^^^^^^^^^^^^^^^^^^^^
  File "/opt/anaconda3/lib/python3.12/site-packages/django/core/checks/urls.py", line 63, in _load_all_namespaces
    url_patterns = getattr(resolver, "url_patterns", [])
                   ^^^^^^^^^^^^^^^^^^^^^^^^^^^^^^^^^^^^^
  File "/opt/anaconda3/lib/python3.12/site-packages/django/utils/functional.py", line 47, in __get__
    res = instance.__dict__[self.name] = self.func(instance)
                                         ^^^^^^^^^^^^^^^^^^^
  File "/opt/anaconda3/lib/python3.12/site-packages/django/urls/resolvers.py", line 729, in url_patterns
    patterns = getattr(self.urlconf_module, "urlpatterns", self.urlconf_module)
                       ^^^^^^^^^^^^^^^^^^^
  File "/opt/anaconda3/lib/python3.12/site-packages/django/utils/functional.py", line 47, in __get__
    res = instance.__dict__[self.name] = self.func(instance)
                                         ^^^^^^^^^^^^^^^^^^^
  File "/opt/anaconda3/lib/python3.12/site-packages/django/urls/resolvers.py", line 722, in urlconf_module
    return import_module(self.urlconf_name)
           ^^^^^^^^^^^^^^^^^^^^^^^^^^^^^^^^
  File "/opt/anaconda3/lib/python3.12/importlib/__init__.py", line 90, in import_module
    return _bootstrap._gcd_import(name[level:], package, level)
           ^^^^^^^^^^^^^^^^^^^^^^^^^^^^^^^^^^^^^^^^^^^^^^^^^^^^
  File "<frozen importlib._bootstrap>", line 1387, in _gcd_import
  File "<frozen importlib._bootstrap>", line 1360, in _find_and_load
  File "<frozen importlib._bootstrap>", line 1331, in _find_and_load_unlocked
  File "<frozen importlib._bootstrap>", line 935, in _load_unlocked
  File "<frozen importlib._bootstrap_external>", line 995, in exec_module
  File "<frozen importlib._bootstrap>", line 488, in _call_with_frames_removed
  File "/Users/vishwashbatra/data/code/djangoapps/vismatrixv2/vismatrix/progress_tracker/progress_tracker/urls.py", line 24, in <module>
    path('', include('tracker.urls')),
             ^^^^^^^^^^^^^^^^^^^^^^^
  File "/opt/anaconda3/lib/python3.12/site-packages/django/urls/conf.py", line 39, in include
    urlconf_module = import_module(urlconf_module)
                     ^^^^^^^^^^^^^^^^^^^^^^^^^^^^^
  File "/opt/anaconda3/lib/python3.12/importlib/__init__.py", line 90, in import_module
    return _bootstrap._gcd_import(name[level:], package, level)
           ^^^^^^^^^^^^^^^^^^^^^^^^^^^^^^^^^^^^^^^^^^^^^^^^^^^^
  File "<frozen importlib._bootstrap>", line 1387, in _gcd_import
  File "<frozen importlib._bootstrap>", line 1360, in _find_and_load
  File "<frozen importlib._bootstrap>", line 1331, in _find_and_load_unlocked
  File "<frozen importlib._bootstrap>", line 935, in _load_unlocked
  File "<frozen importlib._bootstrap_external>", line 995, in exec_module
  File "<frozen importlib._bootstrap>", line 488, in _call_with_frames_removed
  File "/Users/vishwashbatra/data/code/djangoapps/vismatrixv2/vismatrix/progress_tracker/tracker/urls.py", line 2, in <module>
    from . import views
  File "/Users/vishwashbatra/data/code/djangoapps/vismatrixv2/vismatrix/progress_tracker/tracker/views.py", line 759
    if default_task:
SyntaxError: expected 'except' or 'finally' block
/Users/vishwashbatra/data/code/djangoapps/vismatrixv2/vismatrix/progress_tracker/tracker/views.py changed, reloading.
Performing system checks...

Watching for file changes with StatReloader
Exception in thread django-main-thread:
Traceback (most recent call last):
  File "/opt/anaconda3/lib/python3.12/threading.py", line 1075, in _bootstrap_inner
    self.run()
  File "/opt/anaconda3/lib/python3.12/threading.py", line 1012, in run
    self._target(*self._args, **self._kwargs)
  File "/opt/anaconda3/lib/python3.12/site-packages/django/utils/autoreload.py", line 64, in wrapper
    fn(*args, **kwargs)
  File "/opt/anaconda3/lib/python3.12/site-packages/django/core/management/commands/runserver.py", line 134, in inner_run
    self.check(**check_kwargs)
  File "/opt/anaconda3/lib/python3.12/site-packages/django/core/management/base.py", line 492, in check
    all_issues = checks.run_checks(
                 ^^^^^^^^^^^^^^^^^^
  File "/opt/anaconda3/lib/python3.12/site-packages/django/core/checks/registry.py", line 89, in run_checks
    new_errors = check(app_configs=app_configs, databases=databases)
                 ^^^^^^^^^^^^^^^^^^^^^^^^^^^^^^^^^^^^^^^^^^^^^^^^^^^
  File "/opt/anaconda3/lib/python3.12/site-packages/django/core/checks/urls.py", line 44, in check_url_namespaces_unique
    all_namespaces = _load_all_namespaces(resolver)
                     ^^^^^^^^^^^^^^^^^^^^^^^^^^^^^^
  File "/opt/anaconda3/lib/python3.12/site-packages/django/core/checks/urls.py", line 63, in _load_all_namespaces
    url_patterns = getattr(resolver, "url_patterns", [])
                   ^^^^^^^^^^^^^^^^^^^^^^^^^^^^^^^^^^^^^
  File "/opt/anaconda3/lib/python3.12/site-packages/django/utils/functional.py", line 47, in __get__
    res = instance.__dict__[self.name] = self.func(instance)
                                         ^^^^^^^^^^^^^^^^^^^
  File "/opt/anaconda3/lib/python3.12/site-packages/django/urls/resolvers.py", line 729, in url_patterns
    patterns = getattr(self.urlconf_module, "urlpatterns", self.urlconf_module)
                       ^^^^^^^^^^^^^^^^^^^
  File "/opt/anaconda3/lib/python3.12/site-packages/django/utils/functional.py", line 47, in __get__
    res = instance.__dict__[self.name] = self.func(instance)
                                         ^^^^^^^^^^^^^^^^^^^
  File "/opt/anaconda3/lib/python3.12/site-packages/django/urls/resolvers.py", line 722, in urlconf_module
    return import_module(self.urlconf_name)
           ^^^^^^^^^^^^^^^^^^^^^^^^^^^^^^^^
  File "/opt/anaconda3/lib/python3.12/importlib/__init__.py", line 90, in import_module
    return _bootstrap._gcd_import(name[level:], package, level)
           ^^^^^^^^^^^^^^^^^^^^^^^^^^^^^^^^^^^^^^^^^^^^^^^^^^^^
  File "<frozen importlib._bootstrap>", line 1387, in _gcd_import
  File "<frozen importlib._bootstrap>", line 1360, in _find_and_load
  File "<frozen importlib._bootstrap>", line 1331, in _find_and_load_unlocked
  File "<frozen importlib._bootstrap>", line 935, in _load_unlocked
  File "<frozen importlib._bootstrap_external>", line 995, in exec_module
  File "<frozen importlib._bootstrap>", line 488, in _call_with_frames_removed
  File "/Users/vishwashbatra/data/code/djangoapps/vismatrixv2/vismatrix/progress_tracker/progress_tracker/urls.py", line 24, in <module>
    path('', include('tracker.urls')),
             ^^^^^^^^^^^^^^^^^^^^^^^
  File "/opt/anaconda3/lib/python3.12/site-packages/django/urls/conf.py", line 39, in include
    urlconf_module = import_module(urlconf_module)
                     ^^^^^^^^^^^^^^^^^^^^^^^^^^^^^
  File "/opt/anaconda3/lib/python3.12/importlib/__init__.py", line 90, in import_module
    return _bootstrap._gcd_import(name[level:], package, level)
           ^^^^^^^^^^^^^^^^^^^^^^^^^^^^^^^^^^^^^^^^^^^^^^^^^^^^
  File "<frozen importlib._bootstrap>", line 1387, in _gcd_import
  File "<frozen importlib._bootstrap>", line 1360, in _find_and_load
  File "<frozen importlib._bootstrap>", line 1331, in _find_and_load_unlocked
  File "<frozen importlib._bootstrap>", line 935, in _load_unlocked
  File "<frozen importlib._bootstrap_external>", line 995, in exec_module
  File "<frozen importlib._bootstrap>", line 488, in _call_with_frames_removed
  File "/Users/vishwashbatra/data/code/djangoapps/vismatrixv2/vismatrix/progress_tracker/tracker/urls.py", line 2, in <module>
    from . import views
  File "/Users/vishwashbatra/data/code/djangoapps/vismatrixv2/vismatrix/progress_tracker/tracker/views.py", line 761
    if default_task:
SyntaxError: expected 'except' or 'finally' block
/Users/vishwashbatra/data/code/djangoapps/vismatrixv2/vismatrix/progress_tracker/tracker/views.py changed, reloading.
Performing system checks...

Watching for file changes with StatReloader
Exception in thread django-main-thread:
Traceback (most recent call last):
  File "/opt/anaconda3/lib/python3.12/threading.py", line 1075, in _bootstrap_inner
    self.run()
  File "/opt/anaconda3/lib/python3.12/threading.py", line 1012, in run
    self._target(*self._args, **self._kwargs)
  File "/opt/anaconda3/lib/python3.12/site-packages/django/utils/autoreload.py", line 64, in wrapper
    fn(*args, **kwargs)
  File "/opt/anaconda3/lib/python3.12/site-packages/django/core/management/commands/runserver.py", line 134, in inner_run
    self.check(**check_kwargs)
  File "/opt/anaconda3/lib/python3.12/site-packages/django/core/management/base.py", line 492, in check
    all_issues = checks.run_checks(
                 ^^^^^^^^^^^^^^^^^^
  File "/opt/anaconda3/lib/python3.12/site-packages/django/core/checks/registry.py", line 89, in run_checks
    new_errors = check(app_configs=app_configs, databases=databases)
                 ^^^^^^^^^^^^^^^^^^^^^^^^^^^^^^^^^^^^^^^^^^^^^^^^^^^
  File "/opt/anaconda3/lib/python3.12/site-packages/django/core/checks/urls.py", line 44, in check_url_namespaces_unique
    all_namespaces = _load_all_namespaces(resolver)
                     ^^^^^^^^^^^^^^^^^^^^^^^^^^^^^^
  File "/opt/anaconda3/lib/python3.12/site-packages/django/core/checks/urls.py", line 63, in _load_all_namespaces
    url_patterns = getattr(resolver, "url_patterns", [])
                   ^^^^^^^^^^^^^^^^^^^^^^^^^^^^^^^^^^^^^
  File "/opt/anaconda3/lib/python3.12/site-packages/django/utils/functional.py", line 47, in __get__
    res = instance.__dict__[self.name] = self.func(instance)
                                         ^^^^^^^^^^^^^^^^^^^
  File "/opt/anaconda3/lib/python3.12/site-packages/django/urls/resolvers.py", line 729, in url_patterns
    patterns = getattr(self.urlconf_module, "urlpatterns", self.urlconf_module)
                       ^^^^^^^^^^^^^^^^^^^
  File "/opt/anaconda3/lib/python3.12/site-packages/django/utils/functional.py", line 47, in __get__
    res = instance.__dict__[self.name] = self.func(instance)
                                         ^^^^^^^^^^^^^^^^^^^
  File "/opt/anaconda3/lib/python3.12/site-packages/django/urls/resolvers.py", line 722, in urlconf_module
    return import_module(self.urlconf_name)
           ^^^^^^^^^^^^^^^^^^^^^^^^^^^^^^^^
  File "/opt/anaconda3/lib/python3.12/importlib/__init__.py", line 90, in import_module
    return _bootstrap._gcd_import(name[level:], package, level)
           ^^^^^^^^^^^^^^^^^^^^^^^^^^^^^^^^^^^^^^^^^^^^^^^^^^^^
  File "<frozen importlib._bootstrap>", line 1387, in _gcd_import
  File "<frozen importlib._bootstrap>", line 1360, in _find_and_load
  File "<frozen importlib._bootstrap>", line 1331, in _find_and_load_unlocked
  File "<frozen importlib._bootstrap>", line 935, in _load_unlocked
  File "<frozen importlib._bootstrap_external>", line 995, in exec_module
  File "<frozen importlib._bootstrap>", line 488, in _call_with_frames_removed
  File "/Users/vishwashbatra/data/code/djangoapps/vismatrixv2/vismatrix/progress_tracker/progress_tracker/urls.py", line 24, in <module>
    path('', include('tracker.urls')),
             ^^^^^^^^^^^^^^^^^^^^^^^
  File "/opt/anaconda3/lib/python3.12/site-packages/django/urls/conf.py", line 39, in include
    urlconf_module = import_module(urlconf_module)
                     ^^^^^^^^^^^^^^^^^^^^^^^^^^^^^
  File "/opt/anaconda3/lib/python3.12/importlib/__init__.py", line 90, in import_module
    return _bootstrap._gcd_import(name[level:], package, level)
           ^^^^^^^^^^^^^^^^^^^^^^^^^^^^^^^^^^^^^^^^^^^^^^^^^^^^
  File "<frozen importlib._bootstrap>", line 1387, in _gcd_import
  File "<frozen importlib._bootstrap>", line 1360, in _find_and_load
  File "<frozen importlib._bootstrap>", line 1331, in _find_and_load_unlocked
  File "<frozen importlib._bootstrap>", line 935, in _load_unlocked
  File "<frozen importlib._bootstrap_external>", line 995, in exec_module
  File "<frozen importlib._bootstrap>", line 488, in _call_with_frames_removed
  File "/Users/vishwashbatra/data/code/djangoapps/vismatrixv2/vismatrix/progress_tracker/tracker/urls.py", line 2, in <module>
    from . import views
  File "/Users/vishwashbatra/data/code/djangoapps/vismatrixv2/vismatrix/progress_tracker/tracker/views.py", line 761
    if default_task:
SyntaxError: expected 'except' or 'finally' block
/Users/vishwashbatra/data/code/djangoapps/vismatrixv2/vismatrix/progress_tracker/tracker/views.py changed, reloading.
Performing system checks...

Watching for file changes with StatReloader
Exception in thread django-main-thread:
Traceback (most recent call last):
  File "/opt/anaconda3/lib/python3.12/threading.py", line 1075, in _bootstrap_inner
    self.run()
  File "/opt/anaconda3/lib/python3.12/threading.py", line 1012, in run
    self._target(*self._args, **self._kwargs)
  File "/opt/anaconda3/lib/python3.12/site-packages/django/utils/autoreload.py", line 64, in wrapper
    fn(*args, **kwargs)
  File "/opt/anaconda3/lib/python3.12/site-packages/django/core/management/commands/runserver.py", line 134, in inner_run
    self.check(**check_kwargs)
  File "/opt/anaconda3/lib/python3.12/site-packages/django/core/management/base.py", line 492, in check
    all_issues = checks.run_checks(
                 ^^^^^^^^^^^^^^^^^^
  File "/opt/anaconda3/lib/python3.12/site-packages/django/core/checks/registry.py", line 89, in run_checks
    new_errors = check(app_configs=app_configs, databases=databases)
                 ^^^^^^^^^^^^^^^^^^^^^^^^^^^^^^^^^^^^^^^^^^^^^^^^^^^
  File "/opt/anaconda3/lib/python3.12/site-packages/django/core/checks/urls.py", line 44, in check_url_namespaces_unique
    all_namespaces = _load_all_namespaces(resolver)
                     ^^^^^^^^^^^^^^^^^^^^^^^^^^^^^^
  File "/opt/anaconda3/lib/python3.12/site-packages/django/core/checks/urls.py", line 63, in _load_all_namespaces
    url_patterns = getattr(resolver, "url_patterns", [])
                   ^^^^^^^^^^^^^^^^^^^^^^^^^^^^^^^^^^^^^
  File "/opt/anaconda3/lib/python3.12/site-packages/django/utils/functional.py", line 47, in __get__
    res = instance.__dict__[self.name] = self.func(instance)
                                         ^^^^^^^^^^^^^^^^^^^
  File "/opt/anaconda3/lib/python3.12/site-packages/django/urls/resolvers.py", line 729, in url_patterns
    patterns = getattr(self.urlconf_module, "urlpatterns", self.urlconf_module)
                       ^^^^^^^^^^^^^^^^^^^
  File "/opt/anaconda3/lib/python3.12/site-packages/django/utils/functional.py", line 47, in __get__
    res = instance.__dict__[self.name] = self.func(instance)
                                         ^^^^^^^^^^^^^^^^^^^
  File "/opt/anaconda3/lib/python3.12/site-packages/django/urls/resolvers.py", line 722, in urlconf_module
    return import_module(self.urlconf_name)
           ^^^^^^^^^^^^^^^^^^^^^^^^^^^^^^^^
  File "/opt/anaconda3/lib/python3.12/importlib/__init__.py", line 90, in import_module
    return _bootstrap._gcd_import(name[level:], package, level)
           ^^^^^^^^^^^^^^^^^^^^^^^^^^^^^^^^^^^^^^^^^^^^^^^^^^^^
  File "<frozen importlib._bootstrap>", line 1387, in _gcd_import
  File "<frozen importlib._bootstrap>", line 1360, in _find_and_load
  File "<frozen importlib._bootstrap>", line 1331, in _find_and_load_unlocked
  File "<frozen importlib._bootstrap>", line 935, in _load_unlocked
  File "<frozen importlib._bootstrap_external>", line 995, in exec_module
  File "<frozen importlib._bootstrap>", line 488, in _call_with_frames_removed
  File "/Users/vishwashbatra/data/code/djangoapps/vismatrixv2/vismatrix/progress_tracker/progress_tracker/urls.py", line 24, in <module>
    path('', include('tracker.urls')),
             ^^^^^^^^^^^^^^^^^^^^^^^
  File "/opt/anaconda3/lib/python3.12/site-packages/django/urls/conf.py", line 39, in include
    urlconf_module = import_module(urlconf_module)
                     ^^^^^^^^^^^^^^^^^^^^^^^^^^^^^
  File "/opt/anaconda3/lib/python3.12/importlib/__init__.py", line 90, in import_module
    return _bootstrap._gcd_import(name[level:], package, level)
           ^^^^^^^^^^^^^^^^^^^^^^^^^^^^^^^^^^^^^^^^^^^^^^^^^^^^
  File "<frozen importlib._bootstrap>", line 1387, in _gcd_import
  File "<frozen importlib._bootstrap>", line 1360, in _find_and_load
  File "<frozen importlib._bootstrap>", line 1331, in _find_and_load_unlocked
  File "<frozen importlib._bootstrap>", line 935, in _load_unlocked
  File "<frozen importlib._bootstrap_external>", line 995, in exec_module
  File "<frozen importlib._bootstrap>", line 488, in _call_with_frames_removed
  File "/Users/vishwashbatra/data/code/djangoapps/vismatrixv2/vismatrix/progress_tracker/tracker/urls.py", line 2, in <module>
    from . import views
  File "/Users/vishwashbatra/data/code/djangoapps/vismatrixv2/vismatrix/progress_tracker/tracker/views.py", line 761
    if default_task:
SyntaxError: expected 'except' or 'finally' block
/Users/vishwashbatra/data/code/djangoapps/vismatrixv2/vismatrix/progress_tracker/tracker/views.py changed, reloading.
Performing system checks...

Watching for file changes with StatReloader
Exception in thread django-main-thread:
Traceback (most recent call last):
  File "/opt/anaconda3/lib/python3.12/threading.py", line 1075, in _bootstrap_inner
    self.run()
  File "/opt/anaconda3/lib/python3.12/threading.py", line 1012, in run
    self._target(*self._args, **self._kwargs)
  File "/opt/anaconda3/lib/python3.12/site-packages/django/utils/autoreload.py", line 64, in wrapper
    fn(*args, **kwargs)
  File "/opt/anaconda3/lib/python3.12/site-packages/django/core/management/commands/runserver.py", line 134, in inner_run
    self.check(**check_kwargs)
  File "/opt/anaconda3/lib/python3.12/site-packages/django/core/management/base.py", line 492, in check
    all_issues = checks.run_checks(
                 ^^^^^^^^^^^^^^^^^^
  File "/opt/anaconda3/lib/python3.12/site-packages/django/core/checks/registry.py", line 89, in run_checks
    new_errors = check(app_configs=app_configs, databases=databases)
                 ^^^^^^^^^^^^^^^^^^^^^^^^^^^^^^^^^^^^^^^^^^^^^^^^^^^
  File "/opt/anaconda3/lib/python3.12/site-packages/django/core/checks/urls.py", line 44, in check_url_namespaces_unique
    all_namespaces = _load_all_namespaces(resolver)
                     ^^^^^^^^^^^^^^^^^^^^^^^^^^^^^^
  File "/opt/anaconda3/lib/python3.12/site-packages/django/core/checks/urls.py", line 63, in _load_all_namespaces
    url_patterns = getattr(resolver, "url_patterns", [])
                   ^^^^^^^^^^^^^^^^^^^^^^^^^^^^^^^^^^^^^
  File "/opt/anaconda3/lib/python3.12/site-packages/django/utils/functional.py", line 47, in __get__
    res = instance.__dict__[self.name] = self.func(instance)
                                         ^^^^^^^^^^^^^^^^^^^
  File "/opt/anaconda3/lib/python3.12/site-packages/django/urls/resolvers.py", line 729, in url_patterns
    patterns = getattr(self.urlconf_module, "urlpatterns", self.urlconf_module)
                       ^^^^^^^^^^^^^^^^^^^
  File "/opt/anaconda3/lib/python3.12/site-packages/django/utils/functional.py", line 47, in __get__
    res = instance.__dict__[self.name] = self.func(instance)
                                         ^^^^^^^^^^^^^^^^^^^
  File "/opt/anaconda3/lib/python3.12/site-packages/django/urls/resolvers.py", line 722, in urlconf_module
    return import_module(self.urlconf_name)
           ^^^^^^^^^^^^^^^^^^^^^^^^^^^^^^^^
  File "/opt/anaconda3/lib/python3.12/importlib/__init__.py", line 90, in import_module
    return _bootstrap._gcd_import(name[level:], package, level)
           ^^^^^^^^^^^^^^^^^^^^^^^^^^^^^^^^^^^^^^^^^^^^^^^^^^^^
  File "<frozen importlib._bootstrap>", line 1387, in _gcd_import
  File "<frozen importlib._bootstrap>", line 1360, in _find_and_load
  File "<frozen importlib._bootstrap>", line 1331, in _find_and_load_unlocked
  File "<frozen importlib._bootstrap>", line 935, in _load_unlocked
  File "<frozen importlib._bootstrap_external>", line 995, in exec_module
  File "<frozen importlib._bootstrap>", line 488, in _call_with_frames_removed
  File "/Users/vishwashbatra/data/code/djangoapps/vismatrixv2/vismatrix/progress_tracker/progress_tracker/urls.py", line 24, in <module>
    path('', include('tracker.urls')),
             ^^^^^^^^^^^^^^^^^^^^^^^
  File "/opt/anaconda3/lib/python3.12/site-packages/django/urls/conf.py", line 39, in include
    urlconf_module = import_module(urlconf_module)
                     ^^^^^^^^^^^^^^^^^^^^^^^^^^^^^
  File "/opt/anaconda3/lib/python3.12/importlib/__init__.py", line 90, in import_module
    return _bootstrap._gcd_import(name[level:], package, level)
           ^^^^^^^^^^^^^^^^^^^^^^^^^^^^^^^^^^^^^^^^^^^^^^^^^^^^
  File "<frozen importlib._bootstrap>", line 1387, in _gcd_import
  File "<frozen importlib._bootstrap>", line 1360, in _find_and_load
  File "<frozen importlib._bootstrap>", line 1331, in _find_and_load_unlocked
  File "<frozen importlib._bootstrap>", line 935, in _load_unlocked
  File "<frozen importlib._bootstrap_external>", line 995, in exec_module
  File "<frozen importlib._bootstrap>", line 488, in _call_with_frames_removed
  File "/Users/vishwashbatra/data/code/djangoapps/vismatrixv2/vismatrix/progress_tracker/tracker/urls.py", line 2, in <module>
    from . import views
  File "/Users/vishwashbatra/data/code/djangoapps/vismatrixv2/vismatrix/progress_tracker/tracker/views.py", line 761
    if default_task:
SyntaxError: expected 'except' or 'finally' block
/Users/vishwashbatra/data/code/djangoapps/vismatrixv2/vismatrix/progress_tracker/tracker/views.py changed, reloading.
Performing system checks...

Watching for file changes with StatReloader
Exception in thread django-main-thread:
Traceback (most recent call last):
  File "/opt/anaconda3/lib/python3.12/threading.py", line 1075, in _bootstrap_inner
    self.run()
  File "/opt/anaconda3/lib/python3.12/threading.py", line 1012, in run
    self._target(*self._args, **self._kwargs)
  File "/opt/anaconda3/lib/python3.12/site-packages/django/utils/autoreload.py", line 64, in wrapper
    fn(*args, **kwargs)
  File "/opt/anaconda3/lib/python3.12/site-packages/django/core/management/commands/runserver.py", line 134, in inner_run
    self.check(**check_kwargs)
  File "/opt/anaconda3/lib/python3.12/site-packages/django/core/management/base.py", line 492, in check
    all_issues = checks.run_checks(
                 ^^^^^^^^^^^^^^^^^^
  File "/opt/anaconda3/lib/python3.12/site-packages/django/core/checks/registry.py", line 89, in run_checks
    new_errors = check(app_configs=app_configs, databases=databases)
                 ^^^^^^^^^^^^^^^^^^^^^^^^^^^^^^^^^^^^^^^^^^^^^^^^^^^
  File "/opt/anaconda3/lib/python3.12/site-packages/django/core/checks/urls.py", line 44, in check_url_namespaces_unique
    all_namespaces = _load_all_namespaces(resolver)
                     ^^^^^^^^^^^^^^^^^^^^^^^^^^^^^^
  File "/opt/anaconda3/lib/python3.12/site-packages/django/core/checks/urls.py", line 63, in _load_all_namespaces
    url_patterns = getattr(resolver, "url_patterns", [])
                   ^^^^^^^^^^^^^^^^^^^^^^^^^^^^^^^^^^^^^
  File "/opt/anaconda3/lib/python3.12/site-packages/django/utils/functional.py", line 47, in __get__
    res = instance.__dict__[self.name] = self.func(instance)
                                         ^^^^^^^^^^^^^^^^^^^
  File "/opt/anaconda3/lib/python3.12/site-packages/django/urls/resolvers.py", line 729, in url_patterns
    patterns = getattr(self.urlconf_module, "urlpatterns", self.urlconf_module)
                       ^^^^^^^^^^^^^^^^^^^
  File "/opt/anaconda3/lib/python3.12/site-packages/django/utils/functional.py", line 47, in __get__
    res = instance.__dict__[self.name] = self.func(instance)
                                         ^^^^^^^^^^^^^^^^^^^
  File "/opt/anaconda3/lib/python3.12/site-packages/django/urls/resolvers.py", line 722, in urlconf_module
    return import_module(self.urlconf_name)
           ^^^^^^^^^^^^^^^^^^^^^^^^^^^^^^^^
  File "/opt/anaconda3/lib/python3.12/importlib/__init__.py", line 90, in import_module
    return _bootstrap._gcd_import(name[level:], package, level)
           ^^^^^^^^^^^^^^^^^^^^^^^^^^^^^^^^^^^^^^^^^^^^^^^^^^^^
  File "<frozen importlib._bootstrap>", line 1387, in _gcd_import
  File "<frozen importlib._bootstrap>", line 1360, in _find_and_load
  File "<frozen importlib._bootstrap>", line 1331, in _find_and_load_unlocked
  File "<frozen importlib._bootstrap>", line 935, in _load_unlocked
  File "<frozen importlib._bootstrap_external>", line 995, in exec_module
  File "<frozen importlib._bootstrap>", line 488, in _call_with_frames_removed
  File "/Users/vishwashbatra/data/code/djangoapps/vismatrixv2/vismatrix/progress_tracker/progress_tracker/urls.py", line 24, in <module>
    path('', include('tracker.urls')),
             ^^^^^^^^^^^^^^^^^^^^^^^
  File "/opt/anaconda3/lib/python3.12/site-packages/django/urls/conf.py", line 39, in include
    urlconf_module = import_module(urlconf_module)
                     ^^^^^^^^^^^^^^^^^^^^^^^^^^^^^
  File "/opt/anaconda3/lib/python3.12/importlib/__init__.py", line 90, in import_module
    return _bootstrap._gcd_import(name[level:], package, level)
           ^^^^^^^^^^^^^^^^^^^^^^^^^^^^^^^^^^^^^^^^^^^^^^^^^^^^
  File "<frozen importlib._bootstrap>", line 1387, in _gcd_import
  File "<frozen importlib._bootstrap>", line 1360, in _find_and_load
  File "<frozen importlib._bootstrap>", line 1331, in _find_and_load_unlocked
  File "<frozen importlib._bootstrap>", line 935, in _load_unlocked
  File "<frozen importlib._bootstrap_external>", line 995, in exec_module
  File "<frozen importlib._bootstrap>", line 488, in _call_with_frames_removed
  File "/Users/vishwashbatra/data/code/djangoapps/vismatrixv2/vismatrix/progress_tracker/tracker/urls.py", line 2, in <module>
    from . import views
  File "/Users/vishwashbatra/data/code/djangoapps/vismatrixv2/vismatrix/progress_tracker/tracker/views.py", line 761
    if default_task:
SyntaxError: expected 'except' or 'finally' block
/Users/vishwashbatra/data/code/djangoapps/vismatrixv2/vismatrix/progress_tracker/tracker/views.py changed, reloading.
Performing system checks...

Watching for file changes with StatReloader
Exception in thread django-main-thread:
Traceback (most recent call last):
  File "/opt/anaconda3/lib/python3.12/threading.py", line 1075, in _bootstrap_inner
    self.run()
  File "/opt/anaconda3/lib/python3.12/threading.py", line 1012, in run
    self._target(*self._args, **self._kwargs)
  File "/opt/anaconda3/lib/python3.12/site-packages/django/utils/autoreload.py", line 64, in wrapper
    fn(*args, **kwargs)
  File "/opt/anaconda3/lib/python3.12/site-packages/django/core/management/commands/runserver.py", line 134, in inner_run
    self.check(**check_kwargs)
  File "/opt/anaconda3/lib/python3.12/site-packages/django/core/management/base.py", line 492, in check
    all_issues = checks.run_checks(
                 ^^^^^^^^^^^^^^^^^^
  File "/opt/anaconda3/lib/python3.12/site-packages/django/core/checks/registry.py", line 89, in run_checks
    new_errors = check(app_configs=app_configs, databases=databases)
                 ^^^^^^^^^^^^^^^^^^^^^^^^^^^^^^^^^^^^^^^^^^^^^^^^^^^
  File "/opt/anaconda3/lib/python3.12/site-packages/django/core/checks/urls.py", line 44, in check_url_namespaces_unique
    all_namespaces = _load_all_namespaces(resolver)
                     ^^^^^^^^^^^^^^^^^^^^^^^^^^^^^^
  File "/opt/anaconda3/lib/python3.12/site-packages/django/core/checks/urls.py", line 63, in _load_all_namespaces
    url_patterns = getattr(resolver, "url_patterns", [])
                   ^^^^^^^^^^^^^^^^^^^^^^^^^^^^^^^^^^^^^
  File "/opt/anaconda3/lib/python3.12/site-packages/django/utils/functional.py", line 47, in __get__
    res = instance.__dict__[self.name] = self.func(instance)
                                         ^^^^^^^^^^^^^^^^^^^
  File "/opt/anaconda3/lib/python3.12/site-packages/django/urls/resolvers.py", line 729, in url_patterns
    patterns = getattr(self.urlconf_module, "urlpatterns", self.urlconf_module)
                       ^^^^^^^^^^^^^^^^^^^
  File "/opt/anaconda3/lib/python3.12/site-packages/django/utils/functional.py", line 47, in __get__
    res = instance.__dict__[self.name] = self.func(instance)
                                         ^^^^^^^^^^^^^^^^^^^
  File "/opt/anaconda3/lib/python3.12/site-packages/django/urls/resolvers.py", line 722, in urlconf_module
    return import_module(self.urlconf_name)
           ^^^^^^^^^^^^^^^^^^^^^^^^^^^^^^^^
  File "/opt/anaconda3/lib/python3.12/importlib/__init__.py", line 90, in import_module
    return _bootstrap._gcd_import(name[level:], package, level)
           ^^^^^^^^^^^^^^^^^^^^^^^^^^^^^^^^^^^^^^^^^^^^^^^^^^^^
  File "<frozen importlib._bootstrap>", line 1387, in _gcd_import
  File "<frozen importlib._bootstrap>", line 1360, in _find_and_load
  File "<frozen importlib._bootstrap>", line 1331, in _find_and_load_unlocked
  File "<frozen importlib._bootstrap>", line 935, in _load_unlocked
  File "<frozen importlib._bootstrap_external>", line 995, in exec_module
  File "<frozen importlib._bootstrap>", line 488, in _call_with_frames_removed
  File "/Users/vishwashbatra/data/code/djangoapps/vismatrixv2/vismatrix/progress_tracker/progress_tracker/urls.py", line 24, in <module>
    path('', include('tracker.urls')),
             ^^^^^^^^^^^^^^^^^^^^^^^
  File "/opt/anaconda3/lib/python3.12/site-packages/django/urls/conf.py", line 39, in include
    urlconf_module = import_module(urlconf_module)
                     ^^^^^^^^^^^^^^^^^^^^^^^^^^^^^
  File "/opt/anaconda3/lib/python3.12/importlib/__init__.py", line 90, in import_module
    return _bootstrap._gcd_import(name[level:], package, level)
           ^^^^^^^^^^^^^^^^^^^^^^^^^^^^^^^^^^^^^^^^^^^^^^^^^^^^
  File "<frozen importlib._bootstrap>", line 1387, in _gcd_import
  File "<frozen importlib._bootstrap>", line 1360, in _find_and_load
  File "<frozen importlib._bootstrap>", line 1331, in _find_and_load_unlocked
  File "<frozen importlib._bootstrap>", line 935, in _load_unlocked
  File "<frozen importlib._bootstrap_external>", line 995, in exec_module
  File "<frozen importlib._bootstrap>", line 488, in _call_with_frames_removed
  File "/Users/vishwashbatra/data/code/djangoapps/vismatrixv2/vismatrix/progress_tracker/tracker/urls.py", line 2, in <module>
    from . import views
  File "/Users/vishwashbatra/data/code/djangoapps/vismatrixv2/vismatrix/progress_tracker/tracker/views.py", line 761
    if default_task:
SyntaxError: expected 'except' or 'finally' block
